  main.c
C:\Users\Administrator\Desktop\GamePrograming\C\Ch5\main.c(76,9): warning C4477: 'printf' : 서식 문자열 '%d'에 'int' 형식의 인수가 필요하지만 variadic 인수 1의 형식이 'size_t'입니다.
      C:\Users\Administrator\Desktop\GamePrograming\C\Ch5\main.c(76,9):
      서식 문자열에서 '%zd'을(를) 사용하는 것이 좋습니다.
  
C:\Users\Administrator\Desktop\GamePrograming\C\Ch5\main.c(77,9): warning C4477: 'printf' : 서식 문자열 '%d'에 'int' 형식의 인수가 필요하지만 variadic 인수 1의 형식이 'size_t'입니다.
      C:\Users\Administrator\Desktop\GamePrograming\C\Ch5\main.c(77,9):
      서식 문자열에서 '%zd'을(를) 사용하는 것이 좋습니다.
  
C:\Users\Administrator\Desktop\GamePrograming\C\Ch5\main.c(78,9): warning C4477: 'printf' : 서식 문자열 '%d'에 'int' 형식의 인수가 필요하지만 variadic 인수 1의 형식이 'size_t'입니다.
      C:\Users\Administrator\Desktop\GamePrograming\C\Ch5\main.c(78,9):
      서식 문자열에서 '%zd'을(를) 사용하는 것이 좋습니다.
  
C:\Users\Administrator\Desktop\GamePrograming\C\Ch5\main.c(83,9): warning C4477: 'printf' : 서식 문자열 '%d'에 'int' 형식의 인수가 필요하지만 variadic 인수 1의 형식이 'size_t'입니다.
      C:\Users\Administrator\Desktop\GamePrograming\C\Ch5\main.c(83,9):
      서식 문자열에서 '%zd'을(를) 사용하는 것이 좋습니다.
  
C:\Users\Administrator\Desktop\GamePrograming\C\Ch5\main.c(84,9): warning C4477: 'printf' : 서식 문자열 '%d'에 'int' 형식의 인수가 필요하지만 variadic 인수 1의 형식이 'size_t'입니다.
      C:\Users\Administrator\Desktop\GamePrograming\C\Ch5\main.c(84,9):
      서식 문자열에서 '%zd'을(를) 사용하는 것이 좋습니다.
  
C:\Users\Administrator\Desktop\GamePrograming\C\Ch5\main.c(112,9): warning C4477: 'printf' : 서식 문자열 '%d'에 'int' 형식의 인수가 필요하지만 variadic 인수 1의 형식이 'double'입니다.
C:\Users\Administrator\Desktop\GamePrograming\C\Ch5\main.c(129,12): warning C4552: '<=': 식의 결과가 사용되지 않습니다.
C:\Users\Administrator\Desktop\GamePrograming\C\Ch5\main.c(147,17): warning C4244: '초기화 중': 'float'에서 'int'(으)로 변환하면서 데이터가 손실될 수 있습니다.
C:\Users\Administrator\Desktop\GamePrograming\C\Ch5\main.c(166,22): warning C4244: '초기화 중': 'double'에서 'int'(으)로 변환하면서 데이터가 손실될 수 있습니다.
  Ch5.vcxproj -> C:\Users\Administrator\Desktop\GamePrograming\C\C Study\x64\Debug\Ch5.exe
